<?xml version="1.0" encoding="UTF-8"?>
<testsuite name="ClassroomTest" tests="5" skipped="0" failures="0" errors="0" timestamp="2022-10-01T13:05:35" hostname="ARTOGHRUL" time="0.027">
  <properties/>
  <testcase name="test1()" classname="ClassroomTest" time="0.02"/>
  <testcase name="test2()" classname="ClassroomTest" time="0.001"/>
  <testcase name="test3()" classname="ClassroomTest" time="0.0"/>
  <testcase name="test4()" classname="ClassroomTest" time="0.001"/>
  <testcase name="test5()" classname="ClassroomTest" time="0.003"/>
  <system-out><![CDATA[]]></system-out>
  <system-err><![CDATA[]]></system-err>
</testsuite>
